TN:
SF:src/add.js
FNF:0
FNH:0
DA:1,1
DA:2,1
DA:3,1
DA:4,1
DA:5,1
DA:6,1
DA:7,1
DA:8,1
DA:9,1
DA:10,1
DA:11,1
DA:12,1
DA:13,1
DA:14,1
DA:15,1
DA:16,1
DA:17,1
DA:18,1
LF:18
LH:18
BRDA:1,0,0,1
BRDA:16,1,0,18
BRF:2
BRH:2
end_of_record
TN:
SF:src/ceil.js
FNF:0
FNH:0
DA:1,1
DA:2,1
DA:3,1
DA:4,1
DA:5,1
DA:6,1
DA:7,1
DA:8,1
DA:9,1
DA:10,1
DA:11,1
DA:12,1
DA:13,1
DA:14,1
DA:15,1
DA:16,1
DA:17,1
DA:18,1
DA:19,1
DA:20,1
DA:21,1
DA:22,1
DA:23,1
DA:24,1
LF:24
LH:24
BRDA:1,0,0,1
BRF:1
BRH:1
end_of_record
TN:
SF:src/eq.js
FN:31,eq
FNF:1
FNH:1
FNDA:5,eq
DA:1,1
DA:2,1
DA:3,1
DA:4,1
DA:5,1
DA:6,1
DA:7,1
DA:8,1
DA:9,1
DA:10,1
DA:11,1
DA:12,1
DA:13,1
DA:14,1
DA:15,1
DA:16,1
DA:17,1
DA:18,1
DA:19,1
DA:20,1
DA:21,1
DA:22,1
DA:23,1
DA:24,1
DA:25,1
DA:26,1
DA:27,1
DA:28,1
DA:29,1
DA:30,1
DA:31,5
DA:32,5
DA:33,5
DA:34,1
DA:35,1
LF:35
LH:35
BRDA:1,0,0,1
BRDA:31,1,0,5
BRDA:32,2,0,2
BRDA:32,3,0,1
BRF:4
BRH:4
end_of_record
TN:
SF:src/isArguments.js
FN:19,isArguments
FNF:1
FNH:0
FNDA:0,isArguments
DA:1,1
DA:2,1
DA:3,1
DA:4,1
DA:5,1
DA:6,1
DA:7,1
DA:8,1
DA:9,1
DA:10,1
DA:11,1
DA:12,1
DA:13,1
DA:14,1
DA:15,1
DA:16,1
DA:17,1
DA:18,1
DA:19,0
DA:20,0
DA:21,0
DA:22,1
DA:23,1
LF:23
LH:20
BRDA:1,0,0,1
BRF:1
BRH:1
end_of_record
TN:
SF:src/isArrayLike.js
FN:26,isArrayLike
FNF:1
FNH:1
FNDA:9,isArrayLike
DA:1,1
DA:2,1
DA:3,1
DA:4,1
DA:5,1
DA:6,1
DA:7,1
DA:8,1
DA:9,1
DA:10,1
DA:11,1
DA:12,1
DA:13,1
DA:14,1
DA:15,1
DA:16,1
DA:17,1
DA:18,1
DA:19,1
DA:20,1
DA:21,1
DA:22,1
DA:23,1
DA:24,1
DA:25,1
DA:26,9
DA:27,9
DA:28,9
DA:29,1
DA:30,1
LF:30
LH:30
BRDA:1,0,0,1
BRDA:26,1,0,9
BRF:2
BRH:2
end_of_record
TN:
SF:src/isBuffer.js
FN:33,isBuffer
FNF:1
FNH:0
FNDA:0,isBuffer
DA:1,1
DA:2,1
DA:3,1
DA:4,1
DA:5,1
DA:6,1
DA:7,1
DA:8,1
DA:9,1
DA:10,1
DA:11,1
DA:12,1
DA:13,1
DA:14,1
DA:15,1
DA:16,1
DA:17,1
DA:18,1
DA:19,1
DA:20,1
DA:21,1
DA:22,1
DA:23,1
DA:24,1
DA:25,1
DA:26,1
DA:27,1
DA:28,1
DA:29,1
DA:30,1
DA:31,1
DA:32,1
DA:33,1
DA:34,1
DA:35,1
LF:35
LH:35
BRDA:1,0,0,1
BRDA:4,1,0,0
BRDA:4,2,0,0
BRDA:4,3,0,0
BRDA:7,4,0,0
BRDA:7,5,0,0
BRDA:7,6,0,0
BRDA:7,7,0,0
BRDA:10,8,0,0
BRDA:13,9,0,0
BRDA:16,10,0,0
BRF:11
BRH:1
end_of_record
TN:
SF:src/isDate.js
FN:25,isDate
FNF:1
FNH:1
FNDA:6,isDate
DA:1,1
DA:2,1
DA:3,1
DA:4,1
DA:5,1
DA:6,1
DA:7,1
DA:8,1
DA:9,1
DA:10,1
DA:11,1
DA:12,1
DA:13,1
DA:14,1
DA:15,1
DA:16,1
DA:17,1
DA:18,1
DA:19,1
DA:20,1
DA:21,1
DA:22,1
DA:23,1
DA:24,1
DA:25,1
DA:26,1
DA:27,1
LF:27
LH:27
BRDA:1,0,0,1
BRDA:6,1,0,0
BRDA:24,2,0,0
BRDA:25,3,0,6
BRDA:25,4,0,2
BRF:5
BRH:3
end_of_record
TN:
SF:src/isEmpty.js
FN:45,isEmpty
FNF:1
FNH:1
FNDA:11,isEmpty
DA:1,1
DA:2,1
DA:3,1
DA:4,1
DA:5,1
DA:6,1
DA:7,1
DA:8,1
DA:9,1
DA:10,1
DA:11,1
DA:12,1
DA:13,1
DA:14,1
DA:15,1
DA:16,1
DA:17,1
DA:18,1
DA:19,1
DA:20,1
DA:21,1
DA:22,1
DA:23,1
DA:24,1
DA:25,1
DA:26,1
DA:27,1
DA:28,1
DA:29,1
DA:30,1
DA:31,1
DA:32,1
DA:33,1
DA:34,1
DA:35,1
DA:36,1
DA:37,1
DA:38,1
DA:39,1
DA:40,1
DA:41,1
DA:42,1
DA:43,1
DA:44,1
DA:45,11
DA:46,11
DA:47,2
DA:48,2
DA:49,11
DA:50,2
DA:51,11
DA:52,2
DA:53,2
DA:54,7
DA:55,11
DA:56,4
DA:57,4
DA:58,11
DA:59,0
DA:60,0
DA:61,11
DA:62,1
DA:63,1
DA:64,1
DA:65,1
DA:66,2
DA:67,11
DA:68,1
DA:69,1
LF:69
LH:67
BRDA:1,0,0,1
BRDA:45,1,0,11
BRDA:46,2,0,2
BRDA:49,3,0,9
BRDA:49,4,0,2
BRDA:50,5,0,0
BRDA:50,6,0,0
BRDA:50,7,0,0
BRDA:51,8,0,0
BRDA:51,9,0,0
BRDA:51,10,0,2
BRDA:54,11,0,7
BRDA:55,12,0,5
BRDA:55,13,0,4
BRDA:58,14,0,3
BRDA:58,15,0,0
BRDA:61,16,0,3
BRDA:61,17,0,1
BRDA:66,18,0,2
BRF:19
BRH:13
end_of_record
TN:
SF:src/isLength.js
FN:28,isLength
FNF:1
FNH:1
FNDA:9,isLength
DA:1,1
DA:2,1
DA:3,1
DA:4,1
DA:5,1
DA:6,1
DA:7,1
DA:8,1
DA:9,1
DA:10,1
DA:11,1
DA:12,1
DA:13,1
DA:14,1
DA:15,1
DA:16,1
DA:17,1
DA:18,1
DA:19,1
DA:20,1
DA:21,1
DA:22,1
DA:23,1
DA:24,1
DA:25,1
DA:26,1
DA:27,1
DA:28,9
DA:29,9
DA:30,9
DA:31,9
DA:32,1
DA:33,1
LF:33
LH:33
BRDA:1,0,0,1
BRDA:28,1,0,9
BRDA:29,2,0,2
BRDA:30,3,0,2
BRDA:30,4,0,2
BRF:5
BRH:5
end_of_record
TN:
SF:src/isObject.js
FN:24,isObject
FNF:1
FNH:1
FNDA:7,isObject
DA:1,1
DA:2,1
DA:3,1
DA:4,1
DA:5,1
DA:6,1
DA:7,1
DA:8,1
DA:9,1
DA:10,1
DA:11,1
DA:12,1
DA:13,1
DA:14,1
DA:15,1
DA:16,1
DA:17,1
DA:18,1
DA:19,1
DA:20,1
DA:21,1
DA:22,1
DA:23,1
DA:24,7
DA:25,7
DA:26,7
DA:27,7
DA:28,1
DA:29,1
LF:29
LH:29
BRDA:1,0,0,1
BRDA:24,1,0,7
BRDA:26,2,0,5
BRDA:26,3,0,3
BRF:4
BRH:4
end_of_record
TN:
SF:src/isObjectLike.js
FN:23,isObjectLike
FNF:1
FNH:1
FNDA:6,isObjectLike
DA:1,1
DA:2,1
DA:3,1
DA:4,1
DA:5,1
DA:6,1
DA:7,1
DA:8,1
DA:9,1
DA:10,1
DA:11,1
DA:12,1
DA:13,1
DA:14,1
DA:15,1
DA:16,1
DA:17,1
DA:18,1
DA:19,1
DA:20,1
DA:21,1
DA:22,1
DA:23,6
DA:24,6
DA:25,6
DA:26,1
DA:27,1
LF:27
LH:27
BRDA:1,0,0,1
BRDA:23,1,0,6
BRDA:24,2,0,3
BRF:3
BRH:3
end_of_record
TN:
SF:src/isSymbol.js
FN:18,isSymbol
FNF:1
FNH:1
FNDA:21,isSymbol
DA:1,1
DA:2,1
DA:3,1
DA:4,1
DA:5,1
DA:6,1
DA:7,1
DA:8,1
DA:9,1
DA:10,1
DA:11,1
DA:12,1
DA:13,1
DA:14,1
DA:15,1
DA:16,1
DA:17,1
DA:18,21
DA:19,21
DA:20,21
DA:21,21
DA:22,1
DA:23,1
LF:23
LH:23
BRDA:1,0,0,1
BRDA:18,1,0,21
BRDA:20,2,0,20
BRDA:20,3,0,7
BRDA:20,4,0,2
BRF:5
BRH:5
end_of_record
TN:
SF:src/isTypedArray.js
FN:28,isTypedArray
FNF:1
FNH:0
FNDA:0,isTypedArray
DA:1,1
DA:2,1
DA:3,1
DA:4,1
DA:5,1
DA:6,1
DA:7,1
DA:8,1
DA:9,1
DA:10,1
DA:11,1
DA:12,1
DA:13,1
DA:14,1
DA:15,1
DA:16,1
DA:17,1
DA:18,1
DA:19,1
DA:20,1
DA:21,1
DA:22,1
DA:23,1
DA:24,1
DA:25,1
DA:26,1
DA:27,1
DA:28,1
DA:29,1
DA:30,1
LF:30
LH:30
BRDA:1,0,0,1
BRDA:9,1,0,0
BRDA:27,2,0,0
BRF:3
BRH:1
end_of_record
TN:
SF:src/slice.js
FN:21,slice
FNF:1
FNH:0
FNDA:0,slice
DA:1,1
DA:2,1
DA:3,1
DA:4,1
DA:5,1
DA:6,1
DA:7,1
DA:8,1
DA:9,1
DA:10,1
DA:11,1
DA:12,1
DA:13,1
DA:14,1
DA:15,1
DA:16,1
DA:17,1
DA:18,1
DA:19,1
DA:20,1
DA:21,0
DA:22,0
DA:23,0
DA:24,0
DA:25,0
DA:26,0
DA:27,0
DA:28,0
DA:29,0
DA:30,0
DA:31,0
DA:32,0
DA:33,0
DA:34,0
DA:35,0
DA:36,0
DA:37,0
DA:38,0
DA:39,0
DA:40,0
DA:41,0
DA:42,0
DA:43,0
DA:44,0
DA:45,1
DA:46,1
LF:46
LH:22
BRDA:1,0,0,1
BRF:1
BRH:1
end_of_record
TN:
SF:src/toNumber.js
FN:44,toNumber
FNF:1
FNH:1
FNDA:6,toNumber
DA:1,1
DA:2,1
DA:3,1
DA:4,1
DA:5,1
DA:6,1
DA:7,1
DA:8,1
DA:9,1
DA:10,1
DA:11,1
DA:12,1
DA:13,1
DA:14,1
DA:15,1
DA:16,1
DA:17,1
DA:18,1
DA:19,1
DA:20,1
DA:21,1
DA:22,1
DA:23,1
DA:24,1
DA:25,1
DA:26,1
DA:27,1
DA:28,1
DA:29,1
DA:30,1
DA:31,1
DA:32,1
DA:33,1
DA:34,1
DA:35,1
DA:36,1
DA:37,1
DA:38,1
DA:39,1
DA:40,1
DA:41,1
DA:42,1
DA:43,1
DA:44,6
DA:45,6
DA:46,0
DA:47,0
DA:48,6
DA:49,0
DA:50,0
DA:51,6
DA:52,1
DA:53,1
DA:54,1
DA:55,6
DA:56,4
DA:57,4
DA:58,2
DA:59,2
DA:60,6
DA:61,6
DA:62,6
DA:63,6
DA:64,1
DA:65,1
LF:65
LH:61
BRDA:1,0,0,1
BRDA:44,1,0,6
BRDA:45,2,0,0
BRDA:48,3,0,0
BRDA:51,4,0,1
BRDA:52,5,0,0
BRDA:53,6,0,0
BRDA:55,7,0,4
BRDA:56,8,0,0
BRDA:58,9,0,2
BRDA:61,10,0,0
BRDA:62,11,0,2
BRDA:62,12,0,0
BRF:13
BRH:6
end_of_record
TN:
SF:src/toString.js
FN:25,toString
FNF:1
FNH:1
FNDA:8,toString
DA:1,1
DA:2,1
DA:3,1
DA:4,1
DA:5,1
DA:6,1
DA:7,1
DA:8,1
DA:9,1
DA:10,1
DA:11,1
DA:12,1
DA:13,1
DA:14,1
DA:15,1
DA:16,1
DA:17,1
DA:18,1
DA:19,1
DA:20,1
DA:21,1
DA:22,1
DA:23,1
DA:24,1
DA:25,8
DA:26,8
DA:27,8
DA:28,8
DA:29,0
DA:30,0
DA:31,8
DA:32,1
DA:33,1
DA:34,1
DA:35,8
DA:36,0
DA:37,0
DA:38,7
DA:39,8
DA:40,8
DA:41,1
DA:42,1
LF:42
LH:38
BRDA:1,0,0,1
BRDA:25,1,0,8
BRDA:28,2,0,0
BRDA:31,3,0,1
BRDA:35,4,0,7
BRDA:35,5,0,0
BRDA:38,6,0,7
BRDA:39,7,0,1
BRDA:39,8,0,1
BRDA:39,9,0,6
BRDA:33,10,0,3
BRDA:33,11,0,0
BRF:12
BRH:9
end_of_record
TN:
SF:src/upperFirst.js
FNF:0
FNH:0
DA:1,1
DA:2,1
DA:3,1
DA:4,1
DA:5,1
DA:6,1
DA:7,1
DA:8,1
DA:9,1
DA:10,1
DA:11,1
DA:12,1
DA:13,1
DA:14,1
DA:15,1
DA:16,1
DA:17,1
DA:18,1
DA:19,1
DA:20,1
DA:21,1
LF:21
LH:21
BRDA:1,0,0,1
BRF:1
BRH:1
end_of_record
TN:
SF:src/words.js
FN:10,asciiWords
FN:30,words
FNF:2
FNH:2
FNDA:4,asciiWords
FNDA:5,words
DA:1,1
DA:2,1
DA:3,1
DA:4,1
DA:5,1
DA:6,1
DA:7,1
DA:8,1
DA:9,1
DA:10,4
DA:11,4
DA:12,4
DA:13,1
DA:14,1
DA:15,1
DA:16,1
DA:17,1
DA:18,1
DA:19,1
DA:20,1
DA:21,1
DA:22,1
DA:23,1
DA:24,1
DA:25,1
DA:26,1
DA:27,1
DA:28,1
DA:29,1
DA:30,5
DA:31,5
DA:32,5
DA:33,5
DA:34,5
DA:35,0
DA:36,5
DA:37,1
DA:38,1
LF:38
LH:37
BRDA:1,0,0,1
BRDA:10,1,0,4
BRDA:30,2,0,5
BRDA:32,3,0,1
BRDA:32,4,0,4
BRDA:33,5,0,2
BRDA:35,6,0,0
BRF:7
BRH:6
end_of_record
TN:
SF:src/.internal/asciiToArray.js
FN:8,asciiToArray
FNF:1
FNH:0
FNDA:0,asciiToArray
DA:1,1
DA:2,1
DA:3,1
DA:4,1
DA:5,1
DA:6,1
DA:7,1
DA:8,0
DA:9,0
DA:10,0
DA:11,1
DA:12,1
LF:12
LH:9
BRDA:1,0,0,1
BRF:1
BRH:1
end_of_record
TN:
SF:src/.internal/baseToNumber.js
FN:14,baseToNumber
FNF:1
FNH:1
FNDA:32,baseToNumber
DA:1,1
DA:2,1
DA:3,1
DA:4,1
DA:5,1
DA:6,1
DA:7,1
DA:8,1
DA:9,1
DA:10,1
DA:11,1
DA:12,1
DA:13,1
DA:14,32
DA:15,32
DA:16,29
DA:17,29
DA:18,32
DA:19,0
DA:20,0
DA:21,3
DA:22,32
DA:23,1
DA:24,1
LF:24
LH:22
BRDA:1,0,0,1
BRDA:14,1,0,32
BRDA:15,2,0,29
BRDA:18,3,0,3
BRDA:18,4,0,0
BRDA:21,5,0,3
BRF:6
BRH:5
end_of_record
TN:
SF:src/.internal/baseToString.js
FN:17,baseToString
FNF:1
FNH:1
FNDA:4,baseToString
DA:1,1
DA:2,1
DA:3,1
DA:4,1
DA:5,1
DA:6,1
DA:7,1
DA:8,1
DA:9,1
DA:10,1
DA:11,1
DA:12,1
DA:13,1
DA:14,1
DA:15,1
DA:16,1
DA:17,4
DA:18,4
DA:19,4
DA:20,3
DA:21,3
DA:22,4
DA:23,0
DA:24,0
DA:25,0
DA:26,4
DA:27,0
DA:28,0
DA:29,1
DA:30,4
DA:31,4
DA:32,1
DA:33,1
LF:33
LH:28
BRDA:1,0,0,1
BRDA:17,1,0,4
BRDA:19,2,0,3
BRDA:22,3,0,1
BRDA:22,4,0,0
BRDA:26,5,0,1
BRDA:26,6,0,0
BRDA:29,7,0,1
BRDA:30,8,0,0
BRDA:30,9,0,0
BRDA:30,10,0,1
BRF:11
BRH:7
end_of_record
TN:
SF:src/.internal/castSlice.js
FN:12,castSlice
FNF:1
FNH:0
FNDA:0,castSlice
DA:1,1
DA:2,1
DA:3,1
DA:4,1
DA:5,1
DA:6,1
DA:7,1
DA:8,1
DA:9,1
DA:10,1
DA:11,1
DA:12,0
DA:13,0
DA:14,0
DA:15,0
DA:16,0
DA:17,1
DA:18,1
LF:18
LH:13
BRDA:1,0,0,1
BRF:1
BRH:1
end_of_record
TN:
SF:src/.internal/createCaseFirst.js
FN:12,createCaseFirst
FNF:1
FNH:1
FNDA:1,createCaseFirst
DA:1,1
DA:2,1
DA:3,1
DA:4,1
DA:5,1
DA:6,1
DA:7,1
DA:8,1
DA:9,1
DA:10,1
DA:11,1
DA:12,1
DA:13,1
DA:14,6
DA:15,1
DA:16,1
DA:17,5
DA:18,5
DA:19,6
DA:20,6
DA:21,6
DA:22,6
DA:23,6
DA:24,6
DA:25,6
DA:26,6
DA:27,6
DA:28,6
DA:29,6
DA:30,6
DA:31,6
DA:32,1
DA:33,1
DA:34,1
LF:34
LH:34
BRDA:1,0,0,1
BRDA:12,1,0,1
BRDA:13,2,0,6
BRDA:14,3,0,1
BRDA:17,4,0,5
BRDA:19,5,0,0
BRDA:20,6,0,5
BRDA:23,7,0,0
BRDA:24,8,0,5
BRDA:27,9,0,0
BRDA:28,10,0,5
BRF:11
BRH:8
end_of_record
TN:
SF:src/.internal/createMathOperation.js
FN:12,createMathOperation
FNF:1
FNH:1
FNDA:1,createMathOperation
DA:1,1
DA:2,1
DA:3,1
DA:4,1
DA:5,1
DA:6,1
DA:7,1
DA:8,1
DA:9,1
DA:10,1
DA:11,1
DA:12,1
DA:13,1
DA:14,23
DA:15,2
DA:16,2
DA:17,23
DA:18,1
DA:19,1
DA:20,23
DA:21,2
DA:22,2
DA:23,23
DA:24,2
DA:25,2
DA:26,2
DA:27,16
DA:28,16
DA:29,16
DA:30,16
DA:31,18
DA:32,23
DA:33,1
DA:34,1
DA:35,1
LF:35
LH:35
BRDA:1,0,0,1
BRDA:12,1,0,1
BRDA:13,2,0,23
BRDA:14,3,0,4
BRDA:14,4,0,2
BRDA:17,5,0,21
BRDA:17,6,0,19
BRDA:17,7,0,1
BRDA:20,8,0,20
BRDA:20,9,0,2
BRDA:23,10,0,18
BRDA:23,11,0,17
BRDA:23,12,0,2
BRDA:27,13,0,16
BRDA:31,14,0,18
BRF:15
BRH:15
end_of_record
TN:
SF:src/.internal/createRound.js
FN:8,createRound
FNF:1
FNH:1
FNDA:1,createRound
DA:1,1
DA:2,1
DA:3,1
DA:4,1
DA:5,1
DA:6,1
DA:7,1
DA:8,1
DA:9,1
DA:10,1
DA:11,8
DA:12,8
DA:13,6
DA:14,6
DA:15,6
DA:16,6
DA:17,6
DA:18,6
DA:19,6
DA:20,6
DA:21,2
DA:22,8
DA:23,1
DA:24,1
DA:25,1
LF:25
LH:25
BRDA:1,0,0,1
BRDA:8,1,0,1
BRDA:10,2,0,8
BRDA:11,3,0,2
BRDA:11,4,0,6
BRDA:11,5,0,4
BRDA:11,6,0,2
BRDA:12,7,0,6
BRDA:21,8,0,2
BRF:9
BRH:9
end_of_record
TN:
SF:src/.internal/freeGlobal.js
FNF:0
FNH:0
DA:1,1
DA:2,1
DA:3,1
DA:4,1
LF:4
LH:4
BRDA:1,0,0,1
BRF:1
BRH:1
end_of_record
TN:
SF:src/.internal/getTag.js
FN:10,getTag
FNF:1
FNH:1
FNDA:11,getTag
DA:1,1
DA:2,1
DA:3,1
DA:4,1
DA:5,1
DA:6,1
DA:7,1
DA:8,1
DA:9,1
DA:10,11
DA:11,11
DA:12,0
DA:13,0
DA:14,11
DA:15,11
DA:16,1
DA:17,1
LF:17
LH:15
BRDA:1,0,0,1
BRDA:10,1,0,11
BRDA:11,2,0,0
BRF:3
BRH:2
end_of_record
TN:
SF:src/.internal/hasUnicode.js
FN:24,hasUnicode
FNF:1
FNH:1
FNDA:5,hasUnicode
DA:1,1
DA:2,1
DA:3,1
DA:4,1
DA:5,1
DA:6,1
DA:7,1
DA:8,1
DA:9,1
DA:10,1
DA:11,1
DA:12,1
DA:13,1
DA:14,1
DA:15,1
DA:16,1
DA:17,1
DA:18,1
DA:19,1
DA:20,1
DA:21,1
DA:22,1
DA:23,1
DA:24,5
DA:25,5
DA:26,5
DA:27,1
DA:28,1
LF:28
LH:28
BRDA:1,0,0,1
BRDA:24,1,0,5
BRF:2
BRH:2
end_of_record
TN:
SF:src/.internal/isPrototype.js
FN:11,isPrototype
FNF:1
FNH:1
FNDA:3,isPrototype
DA:1,1
DA:2,1
DA:3,1
DA:4,1
DA:5,1
DA:6,1
DA:7,1
DA:8,1
DA:9,1
DA:10,1
DA:11,3
DA:12,3
DA:13,3
DA:14,3
DA:15,3
DA:16,3
DA:17,1
DA:18,1
LF:18
LH:18
BRDA:1,0,0,1
BRDA:11,1,0,3
BRDA:13,2,0,0
BRF:3
BRH:2
end_of_record
TN:
SF:src/.internal/nodeTypes.js
FNF:0
FNH:0
DA:1,1
DA:2,1
DA:3,1
DA:4,1
DA:5,1
DA:6,1
DA:7,1
DA:8,1
DA:9,1
DA:10,1
DA:11,1
DA:12,1
DA:13,1
DA:14,1
DA:15,1
DA:16,1
DA:17,1
DA:18,1
DA:19,1
DA:20,1
DA:21,1
DA:22,1
DA:23,1
DA:24,1
DA:25,1
DA:26,1
DA:27,1
DA:28,1
LF:28
LH:28
BRDA:1,0,0,1
BRDA:4,1,0,0
BRDA:4,2,0,0
BRDA:4,3,0,0
BRDA:7,4,0,0
BRDA:7,5,0,0
BRDA:7,6,0,0
BRDA:7,7,0,0
BRDA:10,8,0,0
BRDA:13,9,0,0
BRDA:16,10,0,1
BRDA:20,11,0,0
BRDA:20,12,0,0
BRDA:22,13,0,0
BRDA:24,14,0,0
BRDA:24,15,0,0
BRDA:25,16,0,0
BRF:17
BRH:2
end_of_record
TN:
SF:src/.internal/root.js
FNF:0
FNH:0
DA:1,1
DA:2,1
DA:3,1
DA:4,1
DA:5,1
DA:6,1
DA:7,1
DA:8,1
DA:9,1
DA:10,1
DA:11,1
DA:12,1
DA:13,1
LF:13
LH:13
BRDA:1,0,0,1
BRDA:8,1,0,0
BRDA:8,2,0,0
BRDA:8,3,0,0
BRDA:11,4,0,0
BRDA:11,5,0,0
BRDA:11,6,0,0
BRF:7
BRH:1
end_of_record
TN:
SF:src/.internal/stringToArray.js
FN:12,stringToArray
FNF:1
FNH:0
FNDA:0,stringToArray
DA:1,1
DA:2,1
DA:3,1
DA:4,1
DA:5,1
DA:6,1
DA:7,1
DA:8,1
DA:9,1
DA:10,1
DA:11,1
DA:12,0
DA:13,0
DA:14,0
DA:15,0
DA:16,0
DA:17,1
DA:18,1
LF:18
LH:13
BRDA:1,0,0,1
BRF:1
BRH:1
end_of_record
TN:
SF:src/.internal/unicodeToArray.js
FN:39,unicodeToArray
FNF:1
FNH:0
FNDA:0,unicodeToArray
DA:1,1
DA:2,1
DA:3,1
DA:4,1
DA:5,1
DA:6,1
DA:7,1
DA:8,1
DA:9,1
DA:10,1
DA:11,1
DA:12,1
DA:13,1
DA:14,1
DA:15,1
DA:16,1
DA:17,1
DA:18,1
DA:19,1
DA:20,1
DA:21,1
DA:22,1
DA:23,1
DA:24,1
DA:25,1
DA:26,1
DA:27,1
DA:28,1
DA:29,1
DA:30,1
DA:31,1
DA:32,1
DA:33,1
DA:34,1
DA:35,1
DA:36,1
DA:37,1
DA:38,1
DA:39,0
DA:40,0
DA:41,0
DA:42,1
DA:43,1
LF:43
LH:40
BRDA:1,0,0,1
BRF:1
BRH:1
end_of_record
TN:
SF:src/.internal/unicodeWords.js
FN:66,unicodeWords
FNF:1
FNH:1
FNDA:1,unicodeWords
DA:1,1
DA:2,1
DA:3,1
DA:4,1
DA:5,1
DA:6,1
DA:7,1
DA:8,1
DA:9,1
DA:10,1
DA:11,1
DA:12,1
DA:13,1
DA:14,1
DA:15,1
DA:16,1
DA:17,1
DA:18,1
DA:19,1
DA:20,1
DA:21,1
DA:22,1
DA:23,1
DA:24,1
DA:25,1
DA:26,1
DA:27,1
DA:28,1
DA:29,1
DA:30,1
DA:31,1
DA:32,1
DA:33,1
DA:34,1
DA:35,1
DA:36,1
DA:37,1
DA:38,1
DA:39,1
DA:40,1
DA:41,1
DA:42,1
DA:43,1
DA:44,1
DA:45,1
DA:46,1
DA:47,1
DA:48,1
DA:49,1
DA:50,1
DA:51,1
DA:52,1
DA:53,1
DA:54,1
DA:55,1
DA:56,1
DA:57,1
DA:58,1
DA:59,1
DA:60,1
DA:61,1
DA:62,1
DA:63,1
DA:64,1
DA:65,1
DA:66,1
DA:67,1
DA:68,1
DA:69,1
DA:70,1
LF:70
LH:70
BRDA:1,0,0,1
BRDA:66,1,0,1
BRF:2
BRH:2
end_of_record
